<?xml version="1.0" encoding="UTF-8"?>
<testsuite xmlns:xsi="http://www.w3.org/2001/XMLSchema-instance" xsi:noNamespaceSchemaLocation="https://maven.apache.org/surefire/maven-surefire-plugin/xsd/surefire-test-report.xsd" version="3.0.2" name="com.example.incident.controller.IncidentControllerTest" time="3.41" tests="1" errors="0" skipped="0" failures="0">
  <properties>
[...]
</properties>
  <testcase name="testCreateIncident" classname="com.example.incident.controller.IncidentControllerTest" time="0.273">
    <system-out><![CDATA[13:15:39.592 [main] INFO org.springframework.test.context.support.AnnotationConfigContextLoaderUtils -- Could not detect default configuration classes for test class [com.example.incident.controller.IncidentControllerTest]: IncidentControllerTest does not declare any static, non-private, non-final, nested classes annotated with @Configuration.
13:15:39.805 [main] INFO org.springframework.boot.test.context.SpringBootTestContextBootstrapper -- Found @SpringBootConfiguration com.example.incident.IncidentWorkflowDemoApplication for test class com.example.incident.controller.IncidentControllerTest

  .   ____          _            __ _ _
 /\\ / ___'_ __ _ _(_)_ __  __ _ \ \ \ \
( ( )\___ | '_ | '_| | '_ \/ _` | \ \ \ \
 \\/  ___)| |_)| | | | | || (_| |  ) ) ) )
  '  |____| .__|_| |_|_| |_\__, | / / / /
 =========|_|==============|___/=/_/_/_/

 :: Spring Boot ::                (v3.5.3)

2025-07-03T13:15:40.394+02:00  INFO 30059 --- [           main] c.e.i.controller.IncidentControllerTest  : Starting IncidentControllerTest using Java 17.0.14 with PID 30059 (started by macx116 in /Users/macx116/Documents/projects/tutorial/github/incident-workflow-demo/backend)
2025-07-03T13:15:40.396+02:00  INFO 30059 --- [           main] c.e.i.controller.IncidentControllerTest  : No active profile set, falling back to 1 default profile: "default"
2025-07-03T13:15:42.358+02:00  INFO 30059 --- [           main] o.s.b.t.m.w.SpringBootMockServletContext : Initializing Spring TestDispatcherServlet ''
2025-07-03T13:15:42.359+02:00  INFO 30059 --- [           main] o.s.t.web.servlet.TestDispatcherServlet  : Initializing Servlet ''
2025-07-03T13:15:42.362+02:00  INFO 30059 --- [           main] o.s.t.web.servlet.TestDispatcherServlet  : Completed initialization in 1 ms
2025-07-03T13:15:42.397+02:00  INFO 30059 --- [           main] c.e.i.controller.IncidentControllerTest  : Started IncidentControllerTest in 2.47 seconds (process running for 3.791)
]]></system-out>
  </testcase>
</testsuite>